0 info it worked if it ends with ok
1 verbose cli [ 'C:\\Program Files\\nodejs\\\\node.exe',
1 verbose cli   'C:\\Program Files\\nodejs\\node_modules\\npm\\bin\\npm-cli.js',
1 verbose cli   'install',
1 verbose cli   'jsPDF' ]
2 info using npm@2.10.1
3 info using node@v0.12.4
4 verbose install initial load of C:\Users\kkotwal\Documents\ProcessingReportsApp\package.json
5 warn package.json reportsapp@ No repository field.
6 warn package.json reportsapp@ No license field.
7 verbose installManyTop reading scoped package data from C:\Users\kkotwal\Documents\ProcessingReportsApp\node_modules\bcrypt-nodejs\package.json
8 verbose installManyTop reading scoped package data from C:\Users\kkotwal\Documents\ProcessingReportsApp\node_modules\body-parser\package.json
9 verbose installManyTop reading scoped package data from C:\Users\kkotwal\Documents\ProcessingReportsApp\node_modules\connect-flash\package.json
10 verbose installManyTop reading scoped package data from C:\Users\kkotwal\Documents\ProcessingReportsApp\node_modules\cookie-parser\package.json
11 verbose installManyTop reading scoped package data from C:\Users\kkotwal\Documents\ProcessingReportsApp\node_modules\ejs\package.json
12 verbose installManyTop reading scoped package data from C:\Users\kkotwal\Documents\ProcessingReportsApp\node_modules\express\package.json
13 verbose installManyTop reading scoped package data from C:\Users\kkotwal\Documents\ProcessingReportsApp\node_modules\express-session\package.json
14 verbose installManyTop reading scoped package data from C:\Users\kkotwal\Documents\ProcessingReportsApp\node_modules\method-override\package.json
15 verbose installManyTop reading scoped package data from C:\Users\kkotwal\Documents\ProcessingReportsApp\node_modules\mongoose\package.json
16 verbose installManyTop reading scoped package data from C:\Users\kkotwal\Documents\ProcessingReportsApp\node_modules\morgan\package.json
17 verbose installManyTop reading scoped package data from C:\Users\kkotwal\Documents\ProcessingReportsApp\node_modules\passport\package.json
18 verbose installManyTop reading scoped package data from C:\Users\kkotwal\Documents\ProcessingReportsApp\node_modules\passport-facebook\package.json
19 verbose installManyTop reading scoped package data from C:\Users\kkotwal\Documents\ProcessingReportsApp\node_modules\passport-google-oauth\package.json
20 verbose installManyTop reading scoped package data from C:\Users\kkotwal\Documents\ProcessingReportsApp\node_modules\passport-local\package.json
21 verbose installManyTop reading scoped package data from C:\Users\kkotwal\Documents\ProcessingReportsApp\node_modules\passport-twitter\package.json
22 verbose installManyTop reading scoped package data from C:\Users\kkotwal\Documents\ProcessingReportsApp\node_modules\react\package.json
23 verbose installManyTop reading scoped package data from C:\Users\kkotwal\Documents\ProcessingReportsApp\node_modules\react-bootstrap\package.json
24 info package.json bcrypt-nodejs@0.0.3 No license field.
25 info package.json cookie-parser@1.0.1 No license field.
26 info package.json connect-flash@0.1.1 No license field.
27 info package.json passport@0.1.18 No license field.
28 info package.json ejs@0.8.8 No license field.
29 info package.json passport-local@0.1.6 No license field.
30 info package.json passport-facebook@1.0.3 No license field.
31 info package.json passport-google-oauth@0.1.5 No license field.
32 info package.json passport-twitter@1.0.3 No license field.
33 info package.json mongoose@3.8.30 No license field.
34 verbose readDependencies loading dependencies from C:\Users\kkotwal\Documents\ProcessingReportsApp\package.json
35 silly cache add args [ 'jsPDF', null ]
36 verbose cache add spec jsPDF
37 silly cache add parsed spec { raw: 'jsPDF',
37 silly cache add   scope: null,
37 silly cache add   name: 'jsPDF',
37 silly cache add   rawSpec: '',
37 silly cache add   spec: '*',
37 silly cache add   type: 'range' }
38 silly addNamed jsPDF@*
39 verbose addNamed "*" is a valid semver range for jsPDF
40 silly addNameRange { name: 'jsPDF', range: '*', hasData: false }
41 silly mapToRegistry name jsPDF
42 silly mapToRegistry using default registry
43 silly mapToRegistry registry https://registry.npmjs.org/
44 silly mapToRegistry uri https://registry.npmjs.org/jsPDF
45 verbose addNameRange registry:https://registry.npmjs.org/jsPDF not in flight; fetching
46 verbose request uri https://registry.npmjs.org/jsPDF
47 verbose request no auth needed
48 info attempt registry request try #1 at 11:55:18 AM
49 verbose request id 529570ca874ec1c1
50 http request GET https://registry.npmjs.org/jsPDF
51 http 404 https://registry.npmjs.org/jsPDF
52 verbose headers { server: 'CouchDB/1.5.0 (Erlang OTP/R16B03)',
52 verbose headers   'content-type': 'application/json',
52 verbose headers   'cache-control': 'max-age=0',
52 verbose headers   'content-length': '51',
52 verbose headers   'accept-ranges': 'bytes',
52 verbose headers   date: 'Mon, 22 Jun 2015 15:55:20 GMT',
52 verbose headers   via: '1.1 varnish',
52 verbose headers   age: '0',
52 verbose headers   connection: 'keep-alive',
52 verbose headers   'x-served-by': 'cache-atl6225-ATL',
52 verbose headers   'x-cache': 'MISS',
52 verbose headers   'x-cache-hits': '0',
52 verbose headers   'x-timer': 'S1434988520.115637,VS0,VE29' }
53 silly get cb [ 404,
53 silly get   { server: 'CouchDB/1.5.0 (Erlang OTP/R16B03)',
53 silly get     'content-type': 'application/json',
53 silly get     'cache-control': 'max-age=0',
53 silly get     'content-length': '51',
53 silly get     'accept-ranges': 'bytes',
53 silly get     date: 'Mon, 22 Jun 2015 15:55:20 GMT',
53 silly get     via: '1.1 varnish',
53 silly get     age: '0',
53 silly get     connection: 'keep-alive',
53 silly get     'x-served-by': 'cache-atl6225-ATL',
53 silly get     'x-cache': 'MISS',
53 silly get     'x-cache-hits': '0',
53 silly get     'x-timer': 'S1434988520.115637,VS0,VE29' } ]
54 verbose stack Error: 404 Not Found: jsPDF
54 verbose stack     at CachingRegistryClient.<anonymous> (C:\Program Files\nodejs\node_modules\npm\node_modules\npm-registry-client\lib\request.js:245:14)
54 verbose stack     at Request._callback (C:\Program Files\nodejs\node_modules\npm\node_modules\npm-registry-client\lib\request.js:170:14)
54 verbose stack     at Request.self.callback (C:\Program Files\nodejs\node_modules\npm\node_modules\request\request.js:368:22)
54 verbose stack     at Request.emit (events.js:110:17)
54 verbose stack     at Request.<anonymous> (C:\Program Files\nodejs\node_modules\npm\node_modules\request\request.js:1219:14)
54 verbose stack     at Request.emit (events.js:129:20)
54 verbose stack     at IncomingMessage.<anonymous> (C:\Program Files\nodejs\node_modules\npm\node_modules\request\request.js:1167:12)
54 verbose stack     at IncomingMessage.emit (events.js:129:20)
54 verbose stack     at _stream_readable.js:908:16
54 verbose stack     at process._tickCallback (node.js:355:11)
55 verbose statusCode 404
56 verbose pkgid jsPDF
57 verbose cwd C:\Users\kkotwal\Documents\ProcessingReportsApp
58 error Windows_NT 6.1.7601
59 error argv "C:\\Program Files\\nodejs\\\\node.exe" "C:\\Program Files\\nodejs\\node_modules\\npm\\bin\\npm-cli.js" "install" "jsPDF"
60 error node v0.12.4
61 error npm  v2.10.1
62 error code E404
63 error 404 Not Found: jsPDF
63 error 404
63 error 404 'jsPDF' is not in the npm registry.
63 error 404 You should bug the author to publish it (or use the name yourself!)
63 error 404 It was specified as a dependency of 'reportsapp'
63 error 404
63 error 404 Note that you can also install from a
63 error 404 tarball, folder, http url, or git url.
64 verbose exit [ 1, true ]
